<?xml version="1.0" encoding="UTF-8"?>
<testsuite xmlns:xsi="http://www.w3.org/2001/XMLSchema-instance" xsi:noNamespaceSchemaLocation="https://maven.apache.org/surefire/maven-surefire-plugin/xsd/surefire-test-report-3.0.xsd" version="3.0" name="ClassTest.AccountTest" time="0.055" tests="21" errors="0" skipped="0" failures="0">
  <properties>
[...]
</properties>
  <testcase name="getPhoneNumber" classname="ClassTest.AccountTest" time="0.002"/>
  <testcase name="setPassword" classname="ClassTest.AccountTest" time="0"/>
  <testcase name="getPassword" classname="ClassTest.AccountTest" time="0"/>
  <testcase name="getReservationList" classname="ClassTest.AccountTest" time="0"/>
  <testcase name="getAddress" classname="ClassTest.AccountTest" time="0"/>
  <testcase name="getFirstName" classname="ClassTest.AccountTest" time="0"/>
  <testcase name="getLoginAccount" classname="ClassTest.AccountTest" time="0"/>
  <testcase name="addReservationToAccount" classname="ClassTest.AccountTest" time="0"/>
  <testcase name="isRegistered" classname="ClassTest.AccountTest" time="0.001"/>
  <testcase name="setReservation" classname="ClassTest.AccountTest" time="0"/>
  <testcase name="setLastName" classname="ClassTest.AccountTest" time="0"/>
  <testcase name="getEmailAddress" classname="ClassTest.AccountTest" time="0"/>
  <testcase name="registerOrUpdate" classname="ClassTest.AccountTest" time="0.001"/>
  <testcase name="getLastName" classname="ClassTest.AccountTest" time="0"/>
  <testcase name="setPhoneNumber" classname="ClassTest.AccountTest" time="0"/>
  <testcase name="setEmailAddress" classname="ClassTest.AccountTest" time="0.001"/>
  <testcase name="setFirstName" classname="ClassTest.AccountTest" time="0"/>
  <testcase name="setUsername" classname="ClassTest.AccountTest" time="0"/>
  <testcase name="getUsername" classname="ClassTest.AccountTest" time="0"/>
  <testcase name="setAddress" classname="ClassTest.AccountTest" time="0"/>
  <testcase name="getReservation" classname="ClassTest.AccountTest" time="0"/>
</testsuite>